<?xml version="1.0" encoding="UTF-8" standalone="no"?>
<!DOCTYPE log SYSTEM "logger.dtd">
<log>
<record>
  <date>2015-04-07T14:58:48</date>
  <millis>1428407928590</millis>
  <sequence>0</sequence>
  <logger>jMetal</logger>
  <level>INFO</level>
  <class>menuplanner.Main</class>
  <method>main</method>
  <thread>1</thread>
  <message>Total execution time: 2312ms</message>
</record>
<record>
  <date>2015-04-07T14:58:48</date>
  <millis>1428407928660</millis>
  <sequence>1</sequence>
  <logger>jMetal</logger>
  <level>INFO</level>
  <class>menuplanner.Main</class>
  <method>main</method>
  <thread>1</thread>
  <message>Variables values have been writen to file VAR</message>
</record>
<record>
  <date>2015-04-07T14:58:48</date>
  <millis>1428407928666</millis>
  <sequence>2</sequence>
  <logger>jMetal</logger>
  <level>INFO</level>
  <class>menuplanner.Main</class>
  <method>main</method>
  <thread>1</thread>
  <message>Objectives values have been writen to file FUN</message>
</record>
</log>
